<?xml version="1.0" encoding="UTF-8"?>
<testsuite name="capstone.interback.RegisterControllerTest" tests="2" skipped="0" failures="0" errors="0" timestamp="2022-05-16T14:50:57" hostname="DESKTOP-D0C560V" time="0.302">
  <properties/>
  <testcase name="userDTO가_리턴됨()" classname="capstone.interback.RegisterControllerTest" time="0.276"/>
  <testcase name="ok가_리턴됨()" classname="capstone.interback.RegisterControllerTest" time="0.025"/>
  <system-out><![CDATA[2022-05-16 23:50:55.355  INFO 31720 --- [    Test worker] .b.t.a.w.s.WebMvcTestContextBootstrapper : Neither @ContextConfiguration nor @ContextHierarchy found for test class [capstone.interback.RegisterControllerTest], using SpringBootContextLoader
2022-05-16 23:50:55.357  INFO 31720 --- [    Test worker] o.s.t.c.support.AbstractContextLoader    : Could not detect default resource locations for test class [capstone.interback.RegisterControllerTest]: no resource found for suffixes {-context.xml, Context.groovy}.
2022-05-16 23:50:55.357  INFO 31720 --- [    Test worker] t.c.s.AnnotationConfigContextLoaderUtils : Could not detect default configuration classes for test class [capstone.interback.RegisterControllerTest]: RegisterControllerTest does not declare any static, non-private, non-final, nested classes annotated with @Configuration.
2022-05-16 23:50:55.406  INFO 31720 --- [    Test worker] .b.t.c.SpringBootTestContextBootstrapper : Found @SpringBootConfiguration capstone.interback.InterbackApplication for test class capstone.interback.RegisterControllerTest
2022-05-16 23:50:55.408  INFO 31720 --- [    Test worker] .b.t.a.w.s.WebMvcTestContextBootstrapper : Loaded default TestExecutionListener class names from location [META-INF/spring.factories]: [org.springframework.boot.test.autoconfigure.restdocs.RestDocsTestExecutionListener, org.springframework.boot.test.autoconfigure.web.client.MockRestServiceServerResetTestExecutionListener, org.springframework.boot.test.autoconfigure.web.servlet.MockMvcPrintOnlyOnFailureTestExecutionListener, org.springframework.boot.test.autoconfigure.web.servlet.WebDriverTestExecutionListener, org.springframework.boot.test.autoconfigure.webservices.client.MockWebServiceServerTestExecutionListener, org.springframework.boot.test.mock.mockito.MockitoTestExecutionListener, org.springframework.boot.test.mock.mockito.ResetMocksTestExecutionListener, org.springframework.test.context.web.ServletTestExecutionListener, org.springframework.test.context.support.DirtiesContextBeforeModesTestExecutionListener, org.springframework.test.context.event.ApplicationEventsTestExecutionListener, org.springframework.test.context.support.DependencyInjectionTestExecutionListener, org.springframework.test.context.support.DirtiesContextTestExecutionListener, org.springframework.test.context.transaction.TransactionalTestExecutionListener, org.springframework.test.context.jdbc.SqlScriptsTestExecutionListener, org.springframework.test.context.event.EventPublishingTestExecutionListener]
2022-05-16 23:50:55.409  INFO 31720 --- [    Test worker] .b.t.a.w.s.WebMvcTestContextBootstrapper : Using TestExecutionListeners: [org.springframework.test.context.web.ServletTestExecutionListener@2f154d9b, org.springframework.test.context.support.DirtiesContextBeforeModesTestExecutionListener@7d8c264, org.springframework.test.context.event.ApplicationEventsTestExecutionListener@19993ed, org.springframework.boot.test.mock.mockito.MockitoTestExecutionListener@7479cdf7, org.springframework.boot.test.autoconfigure.SpringBootDependencyInjectionTestExecutionListener@71852f76, org.springframework.test.context.support.DirtiesContextTestExecutionListener@308f18c0, org.springframework.test.context.transaction.TransactionalTestExecutionListener@7d44e3c7, org.springframework.test.context.jdbc.SqlScriptsTestExecutionListener@47e89fed, org.springframework.test.context.event.EventPublishingTestExecutionListener@1fcef6f9, org.springframework.boot.test.autoconfigure.restdocs.RestDocsTestExecutionListener@57cfb4d8, org.springframework.boot.test.autoconfigure.web.client.MockRestServiceServerResetTestExecutionListener@d4f2f3d, org.springframework.boot.test.autoconfigure.web.servlet.MockMvcPrintOnlyOnFailureTestExecutionListener@e5bce8e, org.springframework.boot.test.autoconfigure.web.servlet.WebDriverTestExecutionListener@66ca8882, org.springframework.boot.test.autoconfigure.webservices.client.MockWebServiceServerTestExecutionListener@4c0989f7, org.springframework.boot.test.mock.mockito.ResetMocksTestExecutionListener@384b718c]

  .   ____          _            __ _ _
 /\\ / ___'_ __ _ _(_)_ __  __ _ \ \ \ \
( ( )\___ | '_ | '_| | '_ \/ _` | \ \ \ \
 \\/  ___)| |_)| | | | | || (_| |  ) ) ) )
  '  |____| .__|_| |_|_| |_\__, | / / / /
 =========|_|==============|___/=/_/_/_/
 :: Spring Boot ::                (v2.6.6)

2022-05-16 23:50:55.524  INFO 31720 --- [    Test worker] c.interback.RegisterControllerTest       : Starting RegisterControllerTest using Java 11.0.10 on DESKTOP-D0C560V with PID 31720 (started by user in C:\Users\user\Desktop\InterBack-BE\interback)
2022-05-16 23:50:55.525  INFO 31720 --- [    Test worker] c.interback.RegisterControllerTest       : No active profile set, falling back to 1 default profile: "default"
2022-05-16 23:50:57.205  INFO 31720 --- [    Test worker] o.s.b.t.m.w.SpringBootMockServletContext : Initializing Spring TestDispatcherServlet ''
2022-05-16 23:50:57.205  INFO 31720 --- [    Test worker] o.s.t.web.servlet.TestDispatcherServlet  : Initializing Servlet ''
2022-05-16 23:50:57.206  INFO 31720 --- [    Test worker] o.s.t.web.servlet.TestDispatcherServlet  : Completed initialization in 0 ms
2022-05-16 23:50:57.250  INFO 31720 --- [    Test worker] c.interback.RegisterControllerTest       : Started RegisterControllerTest in 1.834 seconds (JVM running for 37.439)
2022-05-16 23:50:57.539  INFO 31720 --- [    Test worker] c.i.controller.RegisterController        : register
]]></system-out>
  <system-err><![CDATA[]]></system-err>
</testsuite>
