<?xml version="1.0" encoding="UTF-8"?>
<testsuite name="capstone.interback.InterbackApplicationTests" tests="1" skipped="0" failures="0" errors="0" timestamp="2022-05-16T14:50:55" hostname="DESKTOP-D0C560V" time="0.011">
  <properties/>
  <testcase name="contextLoads()" classname="capstone.interback.InterbackApplicationTests" time="0.011"/>
  <system-out><![CDATA[2022-05-16 23:50:50.981  INFO 31720 --- [    Test worker] .b.t.c.SpringBootTestContextBootstrapper : Neither @ContextConfiguration nor @ContextHierarchy found for test class [capstone.interback.InterbackApplicationTests], using SpringBootContextLoader
2022-05-16 23:50:50.984  INFO 31720 --- [    Test worker] o.s.t.c.support.AbstractContextLoader    : Could not detect default resource locations for test class [capstone.interback.InterbackApplicationTests]: no resource found for suffixes {-context.xml, Context.groovy}.
2022-05-16 23:50:50.985  INFO 31720 --- [    Test worker] t.c.s.AnnotationConfigContextLoaderUtils : Could not detect default configuration classes for test class [capstone.interback.InterbackApplicationTests]: InterbackApplicationTests does not declare any static, non-private, non-final, nested classes annotated with @Configuration.
2022-05-16 23:50:51.005  INFO 31720 --- [    Test worker] .b.t.c.SpringBootTestContextBootstrapper : Found @SpringBootConfiguration capstone.interback.InterbackApplication for test class capstone.interback.InterbackApplicationTests
2022-05-16 23:50:51.014  INFO 31720 --- [    Test worker] .b.t.c.SpringBootTestContextBootstrapper : Loaded default TestExecutionListener class names from location [META-INF/spring.factories]: [org.springframework.boot.test.autoconfigure.restdocs.RestDocsTestExecutionListener, org.springframework.boot.test.autoconfigure.web.client.MockRestServiceServerResetTestExecutionListener, org.springframework.boot.test.autoconfigure.web.servlet.MockMvcPrintOnlyOnFailureTestExecutionListener, org.springframework.boot.test.autoconfigure.web.servlet.WebDriverTestExecutionListener, org.springframework.boot.test.autoconfigure.webservices.client.MockWebServiceServerTestExecutionListener, org.springframework.boot.test.mock.mockito.MockitoTestExecutionListener, org.springframework.boot.test.mock.mockito.ResetMocksTestExecutionListener, org.springframework.test.context.web.ServletTestExecutionListener, org.springframework.test.context.support.DirtiesContextBeforeModesTestExecutionListener, org.springframework.test.context.event.ApplicationEventsTestExecutionListener, org.springframework.test.context.support.DependencyInjectionTestExecutionListener, org.springframework.test.context.support.DirtiesContextTestExecutionListener, org.springframework.test.context.transaction.TransactionalTestExecutionListener, org.springframework.test.context.jdbc.SqlScriptsTestExecutionListener, org.springframework.test.context.event.EventPublishingTestExecutionListener]
2022-05-16 23:50:51.015  INFO 31720 --- [    Test worker] .b.t.c.SpringBootTestContextBootstrapper : Using TestExecutionListeners: [org.springframework.test.context.web.ServletTestExecutionListener@14cc1f5c, org.springframework.test.context.support.DirtiesContextBeforeModesTestExecutionListener@3100b5cf, org.springframework.test.context.event.ApplicationEventsTestExecutionListener@7baea18b, org.springframework.boot.test.mock.mockito.MockitoTestExecutionListener@5ad13be4, org.springframework.boot.test.autoconfigure.SpringBootDependencyInjectionTestExecutionListener@2e93f91d, org.springframework.test.context.support.DirtiesContextTestExecutionListener@1a899fcd, org.springframework.test.context.transaction.TransactionalTestExecutionListener@14a5d7ee, org.springframework.test.context.jdbc.SqlScriptsTestExecutionListener@4778c085, org.springframework.test.context.event.EventPublishingTestExecutionListener@76929266, org.springframework.boot.test.autoconfigure.restdocs.RestDocsTestExecutionListener@20331c8e, org.springframework.boot.test.autoconfigure.web.client.MockRestServiceServerResetTestExecutionListener@1a13b5c1, org.springframework.boot.test.autoconfigure.web.servlet.MockMvcPrintOnlyOnFailureTestExecutionListener@1b6e32ee, org.springframework.boot.test.autoconfigure.web.servlet.WebDriverTestExecutionListener@798d8247, org.springframework.boot.test.autoconfigure.webservices.client.MockWebServiceServerTestExecutionListener@41623694, org.springframework.boot.test.mock.mockito.ResetMocksTestExecutionListener@46d83ec4]

  .   ____          _            __ _ _
 /\\ / ___'_ __ _ _(_)_ __  __ _ \ \ \ \
( ( )\___ | '_ | '_| | '_ \/ _` | \ \ \ \
 \\/  ___)| |_)| | | | | || (_| |  ) ) ) )
  '  |____| .__|_| |_|_| |_\__, | / / / /
 =========|_|==============|___/=/_/_/_/
 :: Spring Boot ::                (v2.6.6)

2022-05-16 23:50:51.140  INFO 31720 --- [    Test worker] c.interback.InterbackApplicationTests    : Starting InterbackApplicationTests using Java 11.0.10 on DESKTOP-D0C560V with PID 31720 (started by user in C:\Users\user\Desktop\InterBack-BE\interback)
2022-05-16 23:50:51.141  INFO 31720 --- [    Test worker] c.interback.InterbackApplicationTests    : No active profile set, falling back to 1 default profile: "default"
2022-05-16 23:50:52.028  INFO 31720 --- [    Test worker] .s.d.r.c.RepositoryConfigurationDelegate : Bootstrapping Spring Data JPA repositories in DEFAULT mode.
2022-05-16 23:50:52.176  INFO 31720 --- [    Test worker] .s.d.r.c.RepositoryConfigurationDelegate : Finished Spring Data repository scanning in 147 ms. Found 5 JPA repository interfaces.
2022-05-16 23:50:52.692  INFO 31720 --- [    Test worker] o.hibernate.jpa.internal.util.LogHelper  : HHH000204: Processing PersistenceUnitInfo [name: default]
2022-05-16 23:50:52.728  INFO 31720 --- [    Test worker] com.zaxxer.hikari.HikariDataSource       : HikariPool-2 - Starting...
2022-05-16 23:50:52.731  INFO 31720 --- [    Test worker] com.zaxxer.hikari.HikariDataSource       : HikariPool-2 - Start completed.
2022-05-16 23:50:52.732  INFO 31720 --- [    Test worker] org.hibernate.dialect.Dialect            : HHH000400: Using dialect: org.hibernate.dialect.MySQL57Dialect
Hibernate: alter table `feedback` drop foreign key `FK6do8fi6yv74f8tewgeft31meu`
Hibernate: alter table `feedback` drop foreign key `FK1m0uqmpkav7jpxdt2httdk2tp`
Hibernate: alter table `stt_log` drop foreign key `FKmsjiu205cwu2hqsv8pipe08gj`
Hibernate: alter table `stt_log` drop foreign key `FKagh2ypoof5p940jv0v3yhcfvq`
Hibernate: alter table `user_and_room` drop foreign key `FKcu5e8tikb5hft0w5q87pkkela`
Hibernate: alter table `user_and_room` drop foreign key `FKk7yrrxghuf6svy1bdm61xv7x5`
Hibernate: drop table if exists `chat_log`
Hibernate: drop table if exists `feedback`
Hibernate: drop table if exists `stt_log`
Hibernate: drop table if exists `room`
Hibernate: drop table if exists `user`
Hibernate: drop table if exists `user_and_room`
Hibernate: create table `chat_log` (`id` bigint not null auto_increment, `log_chat` varchar(255) not null, `room_id` integer not null, `user_id` varchar(15) not null, primary key (`id`)) engine=InnoDB
Hibernate: create table `feedback` (`id` bigint not null auto_increment, `negative` integer not null, `neutral` integer not null, `positive` integer not null, `room_id` bigint not null, `user_id` bigint not null, primary key (`id`)) engine=InnoDB
Hibernate: create table `stt_log` (`id` bigint not null auto_increment, `log_text` varchar(255), `log_time` date, `room_id` bigint not null, `user_id` bigint not null, primary key (`id`)) engine=InnoDB
Hibernate: create table `room` (`room_id` bigint not null auto_increment, `content` `TEXT` not null, `master` varchar(255), `title` varchar(500) not null, primary key (`room_id`)) engine=InnoDB
Hibernate: create table `user` (`id` bigint not null auto_increment, `email` varchar(30) not null, `name` varchar(8) not null, `password` varchar(25) not null, `user_id` varchar(15) not null, primary key (`id`)) engine=InnoDB
Hibernate: create table `user_and_room` (`id` bigint not null auto_increment, `room_id` bigint, `user_id` bigint, primary key (`id`)) engine=InnoDB
Hibernate: alter table `feedback` add constraint `FK6do8fi6yv74f8tewgeft31meu` foreign key (`room_id`) references `room` (`room_id`)
Hibernate: alter table `feedback` add constraint `FK1m0uqmpkav7jpxdt2httdk2tp` foreign key (`user_id`) references `user` (`id`)
Hibernate: alter table `stt_log` add constraint `FKmsjiu205cwu2hqsv8pipe08gj` foreign key (`room_id`) references `room` (`room_id`)
Hibernate: alter table `stt_log` add constraint `FKagh2ypoof5p940jv0v3yhcfvq` foreign key (`user_id`) references `user` (`id`)
Hibernate: alter table `user_and_room` add constraint `FKcu5e8tikb5hft0w5q87pkkela` foreign key (`room_id`) references `room` (`room_id`)
Hibernate: alter table `user_and_room` add constraint `FKk7yrrxghuf6svy1bdm61xv7x5` foreign key (`user_id`) references `user` (`id`)
2022-05-16 23:50:53.003  INFO 31720 --- [    Test worker] o.h.e.t.j.p.i.JtaPlatformInitiator       : HHH000490: Using JtaPlatform implementation: [org.hibernate.engine.transaction.jta.platform.internal.NoJtaPlatform]
2022-05-16 23:50:53.004  INFO 31720 --- [    Test worker] j.LocalContainerEntityManagerFactoryBean : Initialized JPA EntityManagerFactory for persistence unit 'default'
2022-05-16 23:50:53.851  WARN 31720 --- [    Test worker] JpaBaseConfiguration$JpaWebConfiguration : spring.jpa.open-in-view is enabled by default. Therefore, database queries may be performed during view rendering. Explicitly configure spring.jpa.open-in-view to disable this warning
2022-05-16 23:50:54.349  INFO 31720 --- [    Test worker] o.s.b.a.h2.H2ConsoleAutoConfiguration    : H2 console available at '/h2-console'. Database available at 'jdbc:h2:mem://localhost/~/testdb'
2022-05-16 23:50:55.299  INFO 31720 --- [    Test worker] c.interback.InterbackApplicationTests    : Started InterbackApplicationTests in 4.26 seconds (JVM running for 35.488)
]]></system-out>
  <system-err><![CDATA[]]></system-err>
</testsuite>
