<?xml version="1.0" encoding="UTF-8"?>
<testsuite name="capstone.interback.domain.user.UserRepositoryTest" tests="1" skipped="0" failures="0" errors="0" timestamp="2022-05-16T14:50:57" hostname="DESKTOP-D0C560V" time="0.028">
  <properties/>
  <testcase name="유저저장_불러오기()" classname="capstone.interback.domain.user.UserRepositoryTest" time="0.028"/>
  <system-out><![CDATA[2022-05-16 23:50:57.797  INFO 31720 --- [    Test worker] .b.t.c.SpringBootTestContextBootstrapper : Neither @ContextConfiguration nor @ContextHierarchy found for test class [capstone.interback.domain.user.UserRepositoryTest], using SpringBootContextLoader
2022-05-16 23:50:57.800  INFO 31720 --- [    Test worker] o.s.t.c.support.AbstractContextLoader    : Could not detect default resource locations for test class [capstone.interback.domain.user.UserRepositoryTest]: no resource found for suffixes {-context.xml, Context.groovy}.
2022-05-16 23:50:57.800  INFO 31720 --- [    Test worker] t.c.s.AnnotationConfigContextLoaderUtils : Could not detect default configuration classes for test class [capstone.interback.domain.user.UserRepositoryTest]: UserRepositoryTest does not declare any static, non-private, non-final, nested classes annotated with @Configuration.
2022-05-16 23:50:57.835  INFO 31720 --- [    Test worker] .b.t.c.SpringBootTestContextBootstrapper : Found @SpringBootConfiguration capstone.interback.InterbackApplication for test class capstone.interback.domain.user.UserRepositoryTest
2022-05-16 23:50:57.841  INFO 31720 --- [    Test worker] .b.t.c.SpringBootTestContextBootstrapper : Loaded default TestExecutionListener class names from location [META-INF/spring.factories]: [org.springframework.boot.test.autoconfigure.restdocs.RestDocsTestExecutionListener, org.springframework.boot.test.autoconfigure.web.client.MockRestServiceServerResetTestExecutionListener, org.springframework.boot.test.autoconfigure.web.servlet.MockMvcPrintOnlyOnFailureTestExecutionListener, org.springframework.boot.test.autoconfigure.web.servlet.WebDriverTestExecutionListener, org.springframework.boot.test.autoconfigure.webservices.client.MockWebServiceServerTestExecutionListener, org.springframework.boot.test.mock.mockito.MockitoTestExecutionListener, org.springframework.boot.test.mock.mockito.ResetMocksTestExecutionListener, org.springframework.test.context.web.ServletTestExecutionListener, org.springframework.test.context.support.DirtiesContextBeforeModesTestExecutionListener, org.springframework.test.context.event.ApplicationEventsTestExecutionListener, org.springframework.test.context.support.DependencyInjectionTestExecutionListener, org.springframework.test.context.support.DirtiesContextTestExecutionListener, org.springframework.test.context.transaction.TransactionalTestExecutionListener, org.springframework.test.context.jdbc.SqlScriptsTestExecutionListener, org.springframework.test.context.event.EventPublishingTestExecutionListener]
2022-05-16 23:50:57.842  INFO 31720 --- [    Test worker] .b.t.c.SpringBootTestContextBootstrapper : Using TestExecutionListeners: [org.springframework.test.context.web.ServletTestExecutionListener@828e2d8, org.springframework.test.context.support.DirtiesContextBeforeModesTestExecutionListener@43e9eddf, org.springframework.test.context.event.ApplicationEventsTestExecutionListener@548e70f0, org.springframework.boot.test.mock.mockito.MockitoTestExecutionListener@2b14628b, org.springframework.boot.test.autoconfigure.SpringBootDependencyInjectionTestExecutionListener@64657b13, org.springframework.test.context.support.DirtiesContextTestExecutionListener@686ee555, org.springframework.test.context.transaction.TransactionalTestExecutionListener@4fc00158, org.springframework.test.context.jdbc.SqlScriptsTestExecutionListener@47483211, org.springframework.test.context.event.EventPublishingTestExecutionListener@8ba7408, org.springframework.boot.test.autoconfigure.restdocs.RestDocsTestExecutionListener@17616c07, org.springframework.boot.test.autoconfigure.web.client.MockRestServiceServerResetTestExecutionListener@58e46572, org.springframework.boot.test.autoconfigure.web.servlet.MockMvcPrintOnlyOnFailureTestExecutionListener@5eba0cc5, org.springframework.boot.test.autoconfigure.web.servlet.WebDriverTestExecutionListener@5fb392e, org.springframework.boot.test.autoconfigure.webservices.client.MockWebServiceServerTestExecutionListener@19e67cc2, org.springframework.boot.test.mock.mockito.ResetMocksTestExecutionListener@62525579]
Hibernate: insert into `user` (`email`, `name`, `password`, `user_id`) values (?, ?, ?, ?)
Hibernate: select user0_.`id` as id1_4_, user0_.`email` as email2_4_, user0_.`name` as name3_4_, user0_.`password` as password4_4_, user0_.`user_id` as user_id5_4_ from `user` user0_
Hibernate: select user0_.`id` as id1_4_, user0_.`email` as email2_4_, user0_.`name` as name3_4_, user0_.`password` as password4_4_, user0_.`user_id` as user_id5_4_ from `user` user0_
Hibernate: delete from `user` where `id`=?
]]></system-out>
  <system-err><![CDATA[]]></system-err>
</testsuite>
