<?xml version="1.0" encoding="UTF-8"?>
<testsuite name="capstone.interback.web.UserApiControllerTest" tests="2" skipped="0" failures="0" errors="0" timestamp="2022-05-16T14:50:50" hostname="DESKTOP-D0C560V" time="0.211">
  <properties/>
  <testcase name="User_등록된다()" classname="capstone.interback.web.UserApiControllerTest" time="0.094"/>
  <testcase name="User_수정된다()" classname="capstone.interback.web.UserApiControllerTest" time="0.114"/>
  <system-out><![CDATA[2022-05-16 23:50:50.743  INFO 31720 --- [    Test worker] .b.t.c.SpringBootTestContextBootstrapper : Neither @ContextConfiguration nor @ContextHierarchy found for test class [capstone.interback.web.UserApiControllerTest], using SpringBootContextLoader
2022-05-16 23:50:50.747  INFO 31720 --- [    Test worker] o.s.t.c.support.AbstractContextLoader    : Could not detect default resource locations for test class [capstone.interback.web.UserApiControllerTest]: no resource found for suffixes {-context.xml, Context.groovy}.
2022-05-16 23:50:50.747  INFO 31720 --- [    Test worker] t.c.s.AnnotationConfigContextLoaderUtils : Could not detect default configuration classes for test class [capstone.interback.web.UserApiControllerTest]: UserApiControllerTest does not declare any static, non-private, non-final, nested classes annotated with @Configuration.
2022-05-16 23:50:50.751  INFO 31720 --- [    Test worker] .b.t.c.SpringBootTestContextBootstrapper : Found @SpringBootConfiguration capstone.interback.InterbackApplication for test class capstone.interback.web.UserApiControllerTest
2022-05-16 23:50:50.757  INFO 31720 --- [    Test worker] .b.t.c.SpringBootTestContextBootstrapper : Loaded default TestExecutionListener class names from location [META-INF/spring.factories]: [org.springframework.boot.test.autoconfigure.restdocs.RestDocsTestExecutionListener, org.springframework.boot.test.autoconfigure.web.client.MockRestServiceServerResetTestExecutionListener, org.springframework.boot.test.autoconfigure.web.servlet.MockMvcPrintOnlyOnFailureTestExecutionListener, org.springframework.boot.test.autoconfigure.web.servlet.WebDriverTestExecutionListener, org.springframework.boot.test.autoconfigure.webservices.client.MockWebServiceServerTestExecutionListener, org.springframework.boot.test.mock.mockito.MockitoTestExecutionListener, org.springframework.boot.test.mock.mockito.ResetMocksTestExecutionListener, org.springframework.test.context.web.ServletTestExecutionListener, org.springframework.test.context.support.DirtiesContextBeforeModesTestExecutionListener, org.springframework.test.context.event.ApplicationEventsTestExecutionListener, org.springframework.test.context.support.DependencyInjectionTestExecutionListener, org.springframework.test.context.support.DirtiesContextTestExecutionListener, org.springframework.test.context.transaction.TransactionalTestExecutionListener, org.springframework.test.context.jdbc.SqlScriptsTestExecutionListener, org.springframework.test.context.event.EventPublishingTestExecutionListener]
2022-05-16 23:50:50.758  INFO 31720 --- [    Test worker] .b.t.c.SpringBootTestContextBootstrapper : Using TestExecutionListeners: [org.springframework.test.context.web.ServletTestExecutionListener@106c73ed, org.springframework.test.context.support.DirtiesContextBeforeModesTestExecutionListener@6cd1ee, org.springframework.test.context.event.ApplicationEventsTestExecutionListener@122a6078, org.springframework.boot.test.mock.mockito.MockitoTestExecutionListener@6980fa39, org.springframework.boot.test.autoconfigure.SpringBootDependencyInjectionTestExecutionListener@1a000fff, org.springframework.test.context.support.DirtiesContextTestExecutionListener@7c855ef0, org.springframework.test.context.transaction.TransactionalTestExecutionListener@3dedc8b8, org.springframework.test.context.jdbc.SqlScriptsTestExecutionListener@5352bc0e, org.springframework.test.context.event.EventPublishingTestExecutionListener@49b73e6c, org.springframework.boot.test.autoconfigure.restdocs.RestDocsTestExecutionListener@1f138b74, org.springframework.boot.test.autoconfigure.web.client.MockRestServiceServerResetTestExecutionListener@4c682826, org.springframework.boot.test.autoconfigure.web.servlet.MockMvcPrintOnlyOnFailureTestExecutionListener@a1c4f69, org.springframework.boot.test.autoconfigure.web.servlet.WebDriverTestExecutionListener@7a285418, org.springframework.boot.test.autoconfigure.webservices.client.MockWebServiceServerTestExecutionListener@79e33802, org.springframework.boot.test.mock.mockito.ResetMocksTestExecutionListener@74471600]
Hibernate: insert into `user` (`email`, `name`, `password`, `user_id`) values (?, ?, ?, ?)
Hibernate: select user0_.`id` as id1_4_, user0_.`email` as email2_4_, user0_.`name` as name3_4_, user0_.`password` as password4_4_, user0_.`user_id` as user_id5_4_ from `user` user0_
Hibernate: select user0_.`id` as id1_4_, user0_.`email` as email2_4_, user0_.`name` as name3_4_, user0_.`password` as password4_4_, user0_.`user_id` as user_id5_4_ from `user` user0_
Hibernate: delete from `user` where `id`=?
Hibernate: insert into `user` (`email`, `name`, `password`, `user_id`) values (?, ?, ?, ?)
Hibernate: select user0_.`id` as id1_4_0_, user0_.`email` as email2_4_0_, user0_.`name` as name3_4_0_, user0_.`password` as password4_4_0_, user0_.`user_id` as user_id5_4_0_ from `user` user0_ where user0_.`id`=?
Hibernate: update `user` set `email`=?, `name`=?, `password`=?, `user_id`=? where `id`=?
Hibernate: select user0_.`id` as id1_4_, user0_.`email` as email2_4_, user0_.`name` as name3_4_, user0_.`password` as password4_4_, user0_.`user_id` as user_id5_4_ from `user` user0_
Hibernate: select user0_.`id` as id1_4_, user0_.`email` as email2_4_, user0_.`name` as name3_4_, user0_.`password` as password4_4_, user0_.`user_id` as user_id5_4_ from `user` user0_
Hibernate: delete from `user` where `id`=?
]]></system-out>
  <system-err><![CDATA[]]></system-err>
</testsuite>
