<?xml version="1.0" encoding="UTF-8"?>
<testsuite name="capstone.interback.domain.room.RoomRepositoryTest" tests="1" skipped="0" failures="0" errors="0" timestamp="2022-05-16T14:50:57" hostname="DESKTOP-D0C560V" time="0.043">
  <properties/>
  <testcase name="미팅룸저장_불러오기()" classname="capstone.interback.domain.room.RoomRepositoryTest" time="0.043"/>
  <system-out><![CDATA[2022-05-16 23:50:57.587  INFO 31720 --- [    Test worker] .b.t.c.SpringBootTestContextBootstrapper : Neither @ContextConfiguration nor @ContextHierarchy found for test class [capstone.interback.domain.room.RoomRepositoryTest], using SpringBootContextLoader
2022-05-16 23:50:57.592  INFO 31720 --- [    Test worker] o.s.t.c.support.AbstractContextLoader    : Could not detect default resource locations for test class [capstone.interback.domain.room.RoomRepositoryTest]: no resource found for suffixes {-context.xml, Context.groovy}.
2022-05-16 23:50:57.592  INFO 31720 --- [    Test worker] t.c.s.AnnotationConfigContextLoaderUtils : Could not detect default configuration classes for test class [capstone.interback.domain.room.RoomRepositoryTest]: RoomRepositoryTest does not declare any static, non-private, non-final, nested classes annotated with @Configuration.
2022-05-16 23:50:57.626  INFO 31720 --- [    Test worker] .b.t.c.SpringBootTestContextBootstrapper : Found @SpringBootConfiguration capstone.interback.InterbackApplication for test class capstone.interback.domain.room.RoomRepositoryTest
2022-05-16 23:50:57.632  INFO 31720 --- [    Test worker] .b.t.c.SpringBootTestContextBootstrapper : Loaded default TestExecutionListener class names from location [META-INF/spring.factories]: [org.springframework.boot.test.autoconfigure.restdocs.RestDocsTestExecutionListener, org.springframework.boot.test.autoconfigure.web.client.MockRestServiceServerResetTestExecutionListener, org.springframework.boot.test.autoconfigure.web.servlet.MockMvcPrintOnlyOnFailureTestExecutionListener, org.springframework.boot.test.autoconfigure.web.servlet.WebDriverTestExecutionListener, org.springframework.boot.test.autoconfigure.webservices.client.MockWebServiceServerTestExecutionListener, org.springframework.boot.test.mock.mockito.MockitoTestExecutionListener, org.springframework.boot.test.mock.mockito.ResetMocksTestExecutionListener, org.springframework.test.context.web.ServletTestExecutionListener, org.springframework.test.context.support.DirtiesContextBeforeModesTestExecutionListener, org.springframework.test.context.event.ApplicationEventsTestExecutionListener, org.springframework.test.context.support.DependencyInjectionTestExecutionListener, org.springframework.test.context.support.DirtiesContextTestExecutionListener, org.springframework.test.context.transaction.TransactionalTestExecutionListener, org.springframework.test.context.jdbc.SqlScriptsTestExecutionListener, org.springframework.test.context.event.EventPublishingTestExecutionListener]
2022-05-16 23:50:57.633  INFO 31720 --- [    Test worker] .b.t.c.SpringBootTestContextBootstrapper : Using TestExecutionListeners: [org.springframework.test.context.web.ServletTestExecutionListener@50c462b8, org.springframework.test.context.support.DirtiesContextBeforeModesTestExecutionListener@77d03738, org.springframework.test.context.event.ApplicationEventsTestExecutionListener@566dc0c3, org.springframework.boot.test.mock.mockito.MockitoTestExecutionListener@c925ae1, org.springframework.boot.test.autoconfigure.SpringBootDependencyInjectionTestExecutionListener@7fb02869, org.springframework.test.context.support.DirtiesContextTestExecutionListener@92fa950, org.springframework.test.context.transaction.TransactionalTestExecutionListener@31fc1b6e, org.springframework.test.context.jdbc.SqlScriptsTestExecutionListener@2f271ae2, org.springframework.test.context.event.EventPublishingTestExecutionListener@51aa8c0f, org.springframework.boot.test.autoconfigure.restdocs.RestDocsTestExecutionListener@25bbca43, org.springframework.boot.test.autoconfigure.web.client.MockRestServiceServerResetTestExecutionListener@74cd82f1, org.springframework.boot.test.autoconfigure.web.servlet.MockMvcPrintOnlyOnFailureTestExecutionListener@632a7680, org.springframework.boot.test.autoconfigure.web.servlet.WebDriverTestExecutionListener@66e5441e, org.springframework.boot.test.autoconfigure.webservices.client.MockWebServiceServerTestExecutionListener@1df77353, org.springframework.boot.test.mock.mockito.ResetMocksTestExecutionListener@535b016]
Hibernate: insert into `room` (`content`, `master`, `title`) values (?, ?, ?)
Hibernate: select room0_.`room_id` as room_id1_3_, room0_.`content` as content2_3_, room0_.`master` as master3_3_, room0_.`title` as title4_3_ from `room` room0_
Hibernate: select room0_.`room_id` as room_id1_3_, room0_.`content` as content2_3_, room0_.`master` as master3_3_, room0_.`title` as title4_3_ from `room` room0_
Hibernate: delete from `room` where `room_id`=?
]]></system-out>
  <system-err><![CDATA[]]></system-err>
</testsuite>
