<?xml version="1.0" encoding="UTF-8"?>
<testsuite name="capstone.interback.domain.stt_log.SttLogServiceRepositoryTest" tests="1" skipped="0" failures="0" errors="0" timestamp="2022-05-16T14:50:57" hostname="DESKTOP-D0C560V" time="0.06">
  <properties/>
  <testcase name="미팅룸저장_불러오기()" classname="capstone.interback.domain.stt_log.SttLogServiceRepositoryTest" time="0.06"/>
  <system-out><![CDATA[2022-05-16 23:50:57.686  INFO 31720 --- [    Test worker] .b.t.c.SpringBootTestContextBootstrapper : Neither @ContextConfiguration nor @ContextHierarchy found for test class [capstone.interback.domain.stt_log.SttLogServiceRepositoryTest], using SpringBootContextLoader
2022-05-16 23:50:57.689  INFO 31720 --- [    Test worker] o.s.t.c.support.AbstractContextLoader    : Could not detect default resource locations for test class [capstone.interback.domain.stt_log.SttLogServiceRepositoryTest]: no resource found for suffixes {-context.xml, Context.groovy}.
2022-05-16 23:50:57.690  INFO 31720 --- [    Test worker] t.c.s.AnnotationConfigContextLoaderUtils : Could not detect default configuration classes for test class [capstone.interback.domain.stt_log.SttLogServiceRepositoryTest]: SttLogServiceRepositoryTest does not declare any static, non-private, non-final, nested classes annotated with @Configuration.
2022-05-16 23:50:57.719  INFO 31720 --- [    Test worker] .b.t.c.SpringBootTestContextBootstrapper : Found @SpringBootConfiguration capstone.interback.InterbackApplication for test class capstone.interback.domain.stt_log.SttLogServiceRepositoryTest
2022-05-16 23:50:57.724  INFO 31720 --- [    Test worker] .b.t.c.SpringBootTestContextBootstrapper : Loaded default TestExecutionListener class names from location [META-INF/spring.factories]: [org.springframework.boot.test.autoconfigure.restdocs.RestDocsTestExecutionListener, org.springframework.boot.test.autoconfigure.web.client.MockRestServiceServerResetTestExecutionListener, org.springframework.boot.test.autoconfigure.web.servlet.MockMvcPrintOnlyOnFailureTestExecutionListener, org.springframework.boot.test.autoconfigure.web.servlet.WebDriverTestExecutionListener, org.springframework.boot.test.autoconfigure.webservices.client.MockWebServiceServerTestExecutionListener, org.springframework.boot.test.mock.mockito.MockitoTestExecutionListener, org.springframework.boot.test.mock.mockito.ResetMocksTestExecutionListener, org.springframework.test.context.web.ServletTestExecutionListener, org.springframework.test.context.support.DirtiesContextBeforeModesTestExecutionListener, org.springframework.test.context.event.ApplicationEventsTestExecutionListener, org.springframework.test.context.support.DependencyInjectionTestExecutionListener, org.springframework.test.context.support.DirtiesContextTestExecutionListener, org.springframework.test.context.transaction.TransactionalTestExecutionListener, org.springframework.test.context.jdbc.SqlScriptsTestExecutionListener, org.springframework.test.context.event.EventPublishingTestExecutionListener]
2022-05-16 23:50:57.725  INFO 31720 --- [    Test worker] .b.t.c.SpringBootTestContextBootstrapper : Using TestExecutionListeners: [org.springframework.test.context.web.ServletTestExecutionListener@2ed9e59b, org.springframework.test.context.support.DirtiesContextBeforeModesTestExecutionListener@66790851, org.springframework.test.context.event.ApplicationEventsTestExecutionListener@3796ff4, org.springframework.boot.test.mock.mockito.MockitoTestExecutionListener@5ce045e3, org.springframework.boot.test.autoconfigure.SpringBootDependencyInjectionTestExecutionListener@3df496d9, org.springframework.test.context.support.DirtiesContextTestExecutionListener@13e12ab6, org.springframework.test.context.transaction.TransactionalTestExecutionListener@5bafe1f1, org.springframework.test.context.jdbc.SqlScriptsTestExecutionListener@5be783a, org.springframework.test.context.event.EventPublishingTestExecutionListener@1c65740a, org.springframework.boot.test.autoconfigure.restdocs.RestDocsTestExecutionListener@6cb59aa, org.springframework.boot.test.autoconfigure.web.client.MockRestServiceServerResetTestExecutionListener@224f90eb, org.springframework.boot.test.autoconfigure.web.servlet.MockMvcPrintOnlyOnFailureTestExecutionListener@54464330, org.springframework.boot.test.autoconfigure.web.servlet.WebDriverTestExecutionListener@63b4a896, org.springframework.boot.test.autoconfigure.webservices.client.MockWebServiceServerTestExecutionListener@3feeab43, org.springframework.boot.test.mock.mockito.ResetMocksTestExecutionListener@6178ac9d]
Hibernate: insert into `room` (`content`, `master`, `title`) values (?, ?, ?)
Hibernate: insert into `user` (`email`, `name`, `password`, `user_id`) values (?, ?, ?, ?)
Hibernate: insert into `stt_log` (`log_text`, `log_time`, `room_id`, `user_id`) values (?, ?, ?, ?)
Hibernate: select sttlog0_.`id` as id1_2_, sttlog0_.`log_text` as log_text2_2_, sttlog0_.`log_time` as log_time3_2_, sttlog0_.`room_id` as room_id4_2_, sttlog0_.`user_id` as user_id5_2_ from `stt_log` sttlog0_
Hibernate: select room0_.`room_id` as room_id1_3_0_, room0_.`content` as content2_3_0_, room0_.`master` as master3_3_0_, room0_.`title` as title4_3_0_ from `room` room0_ where room0_.`room_id`=?
Hibernate: select user0_.`id` as id1_4_0_, user0_.`email` as email2_4_0_, user0_.`name` as name3_4_0_, user0_.`password` as password4_4_0_, user0_.`user_id` as user_id5_4_0_ from `user` user0_ where user0_.`id`=?
Hibernate: select sttlog0_.`id` as id1_2_, sttlog0_.`log_text` as log_text2_2_, sttlog0_.`log_time` as log_time3_2_, sttlog0_.`room_id` as room_id4_2_, sttlog0_.`user_id` as user_id5_2_ from `stt_log` sttlog0_
Hibernate: select room0_.`room_id` as room_id1_3_0_, room0_.`content` as content2_3_0_, room0_.`master` as master3_3_0_, room0_.`title` as title4_3_0_ from `room` room0_ where room0_.`room_id`=?
Hibernate: select user0_.`id` as id1_4_0_, user0_.`email` as email2_4_0_, user0_.`name` as name3_4_0_, user0_.`password` as password4_4_0_, user0_.`user_id` as user_id5_4_0_ from `user` user0_ where user0_.`id`=?
Hibernate: delete from `stt_log` where `id`=?
Hibernate: delete from `room` where `room_id`=?
Hibernate: delete from `user` where `id`=?
]]></system-out>
  <system-err><![CDATA[]]></system-err>
</testsuite>
