<?xml version="1.0" encoding="UTF-8"?>
<testsuite name="capstone.interback.domain.user_and_room.UserAndRoomRepositoryTest" tests="1" skipped="0" failures="0" errors="0" timestamp="2022-05-16T14:50:57" hostname="DESKTOP-D0C560V" time="0.047">
  <properties/>
  <testcase name="유저및미팅룸_저장_불러오기()" classname="capstone.interback.domain.user_and_room.UserAndRoomRepositoryTest" time="0.047"/>
  <system-out><![CDATA[2022-05-16 23:50:57.882  INFO 31720 --- [    Test worker] .b.t.c.SpringBootTestContextBootstrapper : Neither @ContextConfiguration nor @ContextHierarchy found for test class [capstone.interback.domain.user_and_room.UserAndRoomRepositoryTest], using SpringBootContextLoader
2022-05-16 23:50:57.885  INFO 31720 --- [    Test worker] o.s.t.c.support.AbstractContextLoader    : Could not detect default resource locations for test class [capstone.interback.domain.user_and_room.UserAndRoomRepositoryTest]: no resource found for suffixes {-context.xml, Context.groovy}.
2022-05-16 23:50:57.886  INFO 31720 --- [    Test worker] t.c.s.AnnotationConfigContextLoaderUtils : Could not detect default configuration classes for test class [capstone.interback.domain.user_and_room.UserAndRoomRepositoryTest]: UserAndRoomRepositoryTest does not declare any static, non-private, non-final, nested classes annotated with @Configuration.
2022-05-16 23:50:57.917  INFO 31720 --- [    Test worker] .b.t.c.SpringBootTestContextBootstrapper : Found @SpringBootConfiguration capstone.interback.InterbackApplication for test class capstone.interback.domain.user_and_room.UserAndRoomRepositoryTest
2022-05-16 23:50:57.925  INFO 31720 --- [    Test worker] .b.t.c.SpringBootTestContextBootstrapper : Loaded default TestExecutionListener class names from location [META-INF/spring.factories]: [org.springframework.boot.test.autoconfigure.restdocs.RestDocsTestExecutionListener, org.springframework.boot.test.autoconfigure.web.client.MockRestServiceServerResetTestExecutionListener, org.springframework.boot.test.autoconfigure.web.servlet.MockMvcPrintOnlyOnFailureTestExecutionListener, org.springframework.boot.test.autoconfigure.web.servlet.WebDriverTestExecutionListener, org.springframework.boot.test.autoconfigure.webservices.client.MockWebServiceServerTestExecutionListener, org.springframework.boot.test.mock.mockito.MockitoTestExecutionListener, org.springframework.boot.test.mock.mockito.ResetMocksTestExecutionListener, org.springframework.test.context.web.ServletTestExecutionListener, org.springframework.test.context.support.DirtiesContextBeforeModesTestExecutionListener, org.springframework.test.context.event.ApplicationEventsTestExecutionListener, org.springframework.test.context.support.DependencyInjectionTestExecutionListener, org.springframework.test.context.support.DirtiesContextTestExecutionListener, org.springframework.test.context.transaction.TransactionalTestExecutionListener, org.springframework.test.context.jdbc.SqlScriptsTestExecutionListener, org.springframework.test.context.event.EventPublishingTestExecutionListener]
2022-05-16 23:50:57.925  INFO 31720 --- [    Test worker] .b.t.c.SpringBootTestContextBootstrapper : Using TestExecutionListeners: [org.springframework.test.context.web.ServletTestExecutionListener@664217a8, org.springframework.test.context.support.DirtiesContextBeforeModesTestExecutionListener@4b4a3114, org.springframework.test.context.event.ApplicationEventsTestExecutionListener@4af5c14c, org.springframework.boot.test.mock.mockito.MockitoTestExecutionListener@74d4f542, org.springframework.boot.test.autoconfigure.SpringBootDependencyInjectionTestExecutionListener@25d5327, org.springframework.test.context.support.DirtiesContextTestExecutionListener@188500e9, org.springframework.test.context.transaction.TransactionalTestExecutionListener@7c1e5d14, org.springframework.test.context.jdbc.SqlScriptsTestExecutionListener@2fb3c930, org.springframework.test.context.event.EventPublishingTestExecutionListener@479f738a, org.springframework.boot.test.autoconfigure.restdocs.RestDocsTestExecutionListener@772db1d8, org.springframework.boot.test.autoconfigure.web.client.MockRestServiceServerResetTestExecutionListener@7955b4d4, org.springframework.boot.test.autoconfigure.web.servlet.MockMvcPrintOnlyOnFailureTestExecutionListener@489e1887, org.springframework.boot.test.autoconfigure.web.servlet.WebDriverTestExecutionListener@7421213d, org.springframework.boot.test.autoconfigure.webservices.client.MockWebServiceServerTestExecutionListener@6e98fd10, org.springframework.boot.test.mock.mockito.ResetMocksTestExecutionListener@3a3f1703]
Hibernate: insert into `room` (`content`, `master`, `title`) values (?, ?, ?)
Hibernate: insert into `user` (`email`, `name`, `password`, `user_id`) values (?, ?, ?, ?)
Hibernate: insert into `user_and_room` (`room_id`, `user_id`) values (?, ?)
Hibernate: select userandroo0_.`id` as id1_5_, userandroo0_.`room_id` as room_id2_5_, userandroo0_.`user_id` as user_id3_5_ from `user_and_room` userandroo0_
Hibernate: select room0_.`room_id` as room_id1_3_0_, room0_.`content` as content2_3_0_, room0_.`master` as master3_3_0_, room0_.`title` as title4_3_0_ from `room` room0_ where room0_.`room_id`=?
Hibernate: select user0_.`id` as id1_4_0_, user0_.`email` as email2_4_0_, user0_.`name` as name3_4_0_, user0_.`password` as password4_4_0_, user0_.`user_id` as user_id5_4_0_ from `user` user0_ where user0_.`id`=?
Hibernate: select userandroo0_.`id` as id1_5_, userandroo0_.`room_id` as room_id2_5_, userandroo0_.`user_id` as user_id3_5_ from `user_and_room` userandroo0_
Hibernate: select room0_.`room_id` as room_id1_3_0_, room0_.`content` as content2_3_0_, room0_.`master` as master3_3_0_, room0_.`title` as title4_3_0_ from `room` room0_ where room0_.`room_id`=?
Hibernate: select user0_.`id` as id1_4_0_, user0_.`email` as email2_4_0_, user0_.`name` as name3_4_0_, user0_.`password` as password4_4_0_, user0_.`user_id` as user_id5_4_0_ from `user` user0_ where user0_.`id`=?
Hibernate: delete from `user_and_room` where `id`=?
Hibernate: delete from `room` where `room_id`=?
Hibernate: delete from `user` where `id`=?
]]></system-out>
  <system-err><![CDATA[]]></system-err>
</testsuite>
